

Microchip Technology PIC LITE Macro Assembler V1.35 build -356382666 
                                                                                               Thu Oct 18 06:04:04 2018

Microchip Technology Omniscient Code Generator v1.35 (Free mode) build 201507080246
     1                           	processor	16F887
     2                           	opt	pw 120
     3                           	opt	lm
     4                           	psect	cinit,global,class=CODE,merge=1,delta=2
     5                           	psect	cstackCOMMON,global,class=COMMON,space=1,delta=1
     6                           	psect	maintext,global,class=CODE,split=1,delta=2
     7                           	dabs	1,0x7E,2
     8  0000                     	;# 
     9  0001                     	;# 
    10  0002                     	;# 
    11  0003                     	;# 
    12  0004                     	;# 
    13  0005                     	;# 
    14  0006                     	;# 
    15  0007                     	;# 
    16  0008                     	;# 
    17  0009                     	;# 
    18  000A                     	;# 
    19  000B                     	;# 
    20  000C                     	;# 
    21  000D                     	;# 
    22  000E                     	;# 
    23  000E                     	;# 
    24  000F                     	;# 
    25  0010                     	;# 
    26  0011                     	;# 
    27  0012                     	;# 
    28  0013                     	;# 
    29  0014                     	;# 
    30  0015                     	;# 
    31  0015                     	;# 
    32  0016                     	;# 
    33  0017                     	;# 
    34  0018                     	;# 
    35  0019                     	;# 
    36  001A                     	;# 
    37  001B                     	;# 
    38  001B                     	;# 
    39  001C                     	;# 
    40  001D                     	;# 
    41  001E                     	;# 
    42  001F                     	;# 
    43  0081                     	;# 
    44  0085                     	;# 
    45  0086                     	;# 
    46  0087                     	;# 
    47  0088                     	;# 
    48  0089                     	;# 
    49  008C                     	;# 
    50  008D                     	;# 
    51  008E                     	;# 
    52  008F                     	;# 
    53  0090                     	;# 
    54  0091                     	;# 
    55  0092                     	;# 
    56  0093                     	;# 
    57  0093                     	;# 
    58  0093                     	;# 
    59  0094                     	;# 
    60  0095                     	;# 
    61  0096                     	;# 
    62  0097                     	;# 
    63  0098                     	;# 
    64  0099                     	;# 
    65  009A                     	;# 
    66  009B                     	;# 
    67  009C                     	;# 
    68  009D                     	;# 
    69  009E                     	;# 
    70  009F                     	;# 
    71  0105                     	;# 
    72  0107                     	;# 
    73  0108                     	;# 
    74  0109                     	;# 
    75  010C                     	;# 
    76  010C                     	;# 
    77  010D                     	;# 
    78  010E                     	;# 
    79  010F                     	;# 
    80  0185                     	;# 
    81  0187                     	;# 
    82  0188                     	;# 
    83  0189                     	;# 
    84  018C                     	;# 
    85  018D                     	;# 
    86  0004                     _FSR	set	4
    87  0008                     _PORTD	set	8
    88  0088                     _TRISD	set	136
    89                           
    90                           	psect	cinit
    91  07FC                     start_initialization:	
    92                           ; #config settings
    93                           
    94  07FC                     __initialization:	
    95  07FC                     end_of_initialization:	
    96                           ;End of C runtime variable initialization code
    97                           
    98  07FC                     __end_of__initialization:	
    99  07FC  0183               	clrf	3
   100  07FD  120A  118A  2FE3   	ljmp	_main	;jump to C main() function
   101                           
   102                           	psect	cstackCOMMON
   103  0070                     __pcstackCOMMON:	
   104  0070                     ?_main:	
   105  0070                     ??_main:	
   106                           ; 0 bytes @ 0x0
   107                           
   108                           
   109                           ; 0 bytes @ 0x0
   110  0070                     	ds	1
   111  0071                     main@init:	
   112                           
   113                           ; 1 bytes @ 0x1
   114  0071                     	ds	1
   115                           
   116                           	psect	maintext
   117  07E3                     __pmaintext:	
   118 ;;
   119 ;;Main: autosize = 0, tempsize = 1, incstack = 0, save=0
   120 ;;
   121 ;; *************** function _main *****************
   122 ;; Defined at:
   123 ;;		line 3 in file "arrayInC.c"
   124 ;; Parameters:    Size  Location     Type
   125 ;;		None
   126 ;; Auto vars:     Size  Location     Type
   127 ;;  init            1    1[COMMON] unsigned char 
   128 ;;  salida          1    0        unsigned char 
   129 ;;  i               1    0        unsigned char 
   130 ;; Return value:  Size  Location     Type
   131 ;;		None               void
   132 ;; Registers used:
   133 ;;		wreg, status,2, status,0
   134 ;; Tracked objects:
   135 ;;		On entry : B00/0
   136 ;;		On exit  : 0/0
   137 ;;		Unchanged: 0/0
   138 ;; Data sizes:     COMMON   BANK0   BANK1   BANK3   BANK2
   139 ;;      Params:         0       0       0       0       0
   140 ;;      Locals:         1       0       0       0       0
   141 ;;      Temps:          1       0       0       0       0
   142 ;;      Totals:         2       0       0       0       0
   143 ;;Total ram usage:        2 bytes
   144 ;; This function calls:
   145 ;;		Nothing
   146 ;; This function is called by:
   147 ;;		Startup code after reset
   148 ;; This function uses a non-reentrant model
   149 ;;
   150                           
   151                           
   152                           ;psect for function _main
   153  07E3                     _main:	
   154                           
   155                           ;arrayInC.c: 4: unsigned char i;
   156                           ;arrayInC.c: 5: unsigned char salida;
   157                           ;arrayInC.c: 6: unsigned char init = 64;
   158                           
   159                           ;incstack = 0
   160                           ; Regs used in _main: [wreg+status,2+status,0]
   161  07E3  3040               	movlw	64
   162  07E4  00F0               	movwf	??_main
   163  07E5  0870               	movf	??_main,w
   164  07E6  00F1               	movwf	main@init
   165                           
   166                           ;arrayInC.c: 7: TRISD = 0xC0;
   167  07E7  30C0               	movlw	192
   168  07E8  1683               	bsf	3,5	;RP0=1, select bank1
   169  07E9  1303               	bcf	3,6	;RP1=0, select bank1
   170  07EA  0088               	movwf	8	;volatile
   171                           
   172                           ;arrayInC.c: 8: FSR = 64;
   173  07EB  3040               	movlw	64
   174  07EC  1283               	bcf	3,5	;RP0=0, select bank0
   175  07ED  1303               	bcf	3,6	;RP1=0, select bank0
   176  07EE  0084               	movwf	4	;volatile
   177  07EF                     l474:	
   178                           ;arrayInC.c: 9: while (1) {
   179                           
   180                           
   181                           ;arrayInC.c: 10: FSR++;
   182  07EF  3001               	movlw	1
   183  07F0  00F0               	movwf	??_main
   184  07F1  0870               	movf	??_main,w
   185  07F2  0784               	addwf	4,f	;volatile
   186                           
   187                           ;arrayInC.c: 11: FSR = FSR | 0x40;
   188  07F3  0804               	movf	4,w	;volatile
   189  07F4  3840               	iorlw	64
   190  07F5  0084               	movwf	4	;volatile
   191                           
   192                           ;arrayInC.c: 12: FSR = FSR & 0x7F;
   193  07F6  0804               	movf	4,w	;volatile
   194  07F7  397F               	andlw	127
   195  07F8  0084               	movwf	4	;volatile
   196                           
   197                           ;arrayInC.c: 13: PORTD = FSR;
   198  07F9  0804               	movf	4,w	;volatile
   199  07FA  0088               	movwf	8	;volatile
   200  07FB  2FEF               	goto	l474
   201  07FC                     __end_of_main:	
   202  007E                     btemp	set	126	;btemp
   203  007E                     wtemp	set	126
   204  007E                     wtemp0	set	126
   205  0080                     wtemp1	set	128
   206  0082                     wtemp2	set	130
   207  0084                     wtemp3	set	132
   208  0086                     wtemp4	set	134
   209  0088                     wtemp5	set	136
   210  007F                     wtemp6	set	127
   211  007E                     ttemp	set	126
   212  007E                     ttemp0	set	126
   213  0081                     ttemp1	set	129
   214  0084                     ttemp2	set	132
   215  0087                     ttemp3	set	135
   216  007F                     ttemp4	set	127
   217  007E                     ltemp	set	126
   218  007E                     ltemp0	set	126
   219  0082                     ltemp1	set	130
   220  0086                     ltemp2	set	134
   221  0080                     ltemp3	set	128


Data Sizes:
    Strings     0
    Constant    0
    Data        0
    BSS         0
    Persistent  0
    Stack       0

Auto Spaces:
    Space          Size  Autos    Used
    COMMON           14      2       2
    BANK0            80      0       0
    BANK1            80      0       0
    BANK3            96      0       0
    BANK2            96      0       0

Pointer List with Targets:

    None.

Critical Paths under _main in COMMON

    None.

Critical Paths under _main in BANK0

    None.

Critical Paths under _main in BANK1

    None.

Critical Paths under _main in BANK3

    None.

Critical Paths under _main in BANK2

    None.

Call Graph Tables:

 ---------------------------------------------------------------------------------
 (Depth) Function   	        Calls       Base Space   Used Autos Params    Refs
 ---------------------------------------------------------------------------------
 (0) _main                                                 4     4      0       0
                                              0 COMMON     2     2      0
 ---------------------------------------------------------------------------------
 Estimated maximum stack depth 0
 ---------------------------------------------------------------------------------

 Call Graph Graphs:

 _main (ROOT)

 Address spaces:
Name               Size   Autos  Total    Cost      Usage
BITCOMMON            E      0       0       0        0.0%
EEDATA             100      0       0       0        0.0%
NULL                 0      0       0       0        0.0%
CODE                 0      0       0       0        0.0%
COMMON               E      2       2       1       14.3%
BITSFR0              0      0       0       1        0.0%
SFR0                 0      0       0       1        0.0%
BITSFR1              0      0       0       2        0.0%
SFR1                 0      0       0       2        0.0%
STACK                0      0       0       2        0.0%
ABS                  0      0       0       3        0.0%
BITBANK0            50      0       0       4        0.0%
BITSFR3              0      0       0       4        0.0%
SFR3                 0      0       0       4        0.0%
BANK0               50      0       0       5        0.0%
BITSFR2              0      0       0       5        0.0%
SFR2                 0      0       0       5        0.0%
BITBANK1            50      0       0       6        0.0%
BANK1               50      0       0       7        0.0%
BITBANK3            60      0       0       8        0.0%
BANK3               60      0       0       9        0.0%
BITBANK2            60      0       0      10        0.0%
BANK2               60      0       0      11        0.0%
DATA                 0      0       0      12        0.0%


Microchip Technology PIC Macro Assembler V1.35 build -356382666 
Symbol Table                                                                                   Thu Oct 18 06:04:04 2018

                    l474 07EF                      _FSR 0004                     _main 07E3  
                   btemp 007E                     ltemp 007E                     start 0000  
                   ttemp 007E                     wtemp 007E                    ?_main 0070  
                  _PORTD 0008                    _TRISD 0088                    ltemp0 007E  
                  ltemp1 0082                    ltemp2 0086                    ltemp3 0080  
                  ttemp0 007E                    ttemp1 0081                    ttemp2 0084  
                  ttemp3 0087                    ttemp4 007F                    status 0003  
                  wtemp0 007E                    wtemp1 0080                    wtemp2 0082  
                  wtemp3 0084                    wtemp4 0086                    wtemp5 0088  
                  wtemp6 007F          __initialization 07FC             __end_of_main 07FC  
                 ??_main 0070  __end_of__initialization 07FC           __pcstackCOMMON 0070  
             __pmaintext 07E3     end_of_initialization 07FC      start_initialization 07FC  
              ___latbits 0002            __size_of_main 0019                 main@init 0071  
