

Microchip Technology PIC LITE Macro Assembler V1.35 build -356382666 
                                                                                               Thu Nov 29 23:51:15 2018

Microchip Technology Omniscient Code Generator v1.35 (Free mode) build 201507080246
     1                           	processor	16F887
     2                           	opt	pw 120
     3                           	opt	lm
     4                           	psect	cinit,global,class=CODE,merge=1,delta=2
     5                           	psect	cstackCOMMON,global,class=COMMON,space=1,delta=1
     6                           	psect	maintext,global,class=CODE,split=1,delta=2
     7                           	dabs	1,0x7E,2
     8  0000                     	;# 
     9  0001                     	;# 
    10  0002                     	;# 
    11  0003                     	;# 
    12  0004                     	;# 
    13  0005                     	;# 
    14  0006                     	;# 
    15  0007                     	;# 
    16  0008                     	;# 
    17  0009                     	;# 
    18  000A                     	;# 
    19  000B                     	;# 
    20  000C                     	;# 
    21  000D                     	;# 
    22  000E                     	;# 
    23  000E                     	;# 
    24  000F                     	;# 
    25  0010                     	;# 
    26  0011                     	;# 
    27  0012                     	;# 
    28  0013                     	;# 
    29  0014                     	;# 
    30  0015                     	;# 
    31  0015                     	;# 
    32  0016                     	;# 
    33  0017                     	;# 
    34  0018                     	;# 
    35  0019                     	;# 
    36  001A                     	;# 
    37  001B                     	;# 
    38  001B                     	;# 
    39  001C                     	;# 
    40  001D                     	;# 
    41  001E                     	;# 
    42  001F                     	;# 
    43  0081                     	;# 
    44  0085                     	;# 
    45  0086                     	;# 
    46  0087                     	;# 
    47  0088                     	;# 
    48  0089                     	;# 
    49  008C                     	;# 
    50  008D                     	;# 
    51  008E                     	;# 
    52  008F                     	;# 
    53  0090                     	;# 
    54  0091                     	;# 
    55  0092                     	;# 
    56  0093                     	;# 
    57  0093                     	;# 
    58  0093                     	;# 
    59  0094                     	;# 
    60  0095                     	;# 
    61  0096                     	;# 
    62  0097                     	;# 
    63  0098                     	;# 
    64  0099                     	;# 
    65  009A                     	;# 
    66  009B                     	;# 
    67  009C                     	;# 
    68  009D                     	;# 
    69  009E                     	;# 
    70  009F                     	;# 
    71  0105                     	;# 
    72  0107                     	;# 
    73  0108                     	;# 
    74  0109                     	;# 
    75  010C                     	;# 
    76  010C                     	;# 
    77  010D                     	;# 
    78  010E                     	;# 
    79  010F                     	;# 
    80  0185                     	;# 
    81  0187                     	;# 
    82  0188                     	;# 
    83  0189                     	;# 
    84  018C                     	;# 
    85  018D                     	;# 
    86  000C                     _PIR1bits	set	12
    87  001A                     _RCREG	set	26
    88  0018                     _RCSTAbits	set	24
    89  0019                     _TXREG	set	25
    90  0099                     _SPBRG	set	153
    91  0098                     _TXSTAbits	set	152
    92                           
    93                           ; #config settings
    94  0000                     
    95                           	psect	cinit
    96  07FC                     start_initialization:	
    97  07FC                     __initialization:	
    98  07FC                     end_of_initialization:	
    99                           ;End of C runtime variable initialization code
   100                           
   101  07FC                     __end_of__initialization:	
   102  07FC  0183               	clrf	3
   103  07FD  120A  118A  2FE3   	ljmp	_main	;jump to C main() function
   104                           
   105                           	psect	cstackCOMMON
   106  0070                     __pcstackCOMMON:	
   107  0070                     ?_main:	
   108  0070                     ??_main:	
   109                           ; 0 bytes @ 0x0
   110                           
   111                           
   112                           ; 0 bytes @ 0x0
   113  0070                     	ds	1
   114  0071                     main@indice:	
   115                           
   116                           ; 1 bytes @ 0x1
   117  0071                     	ds	1
   118                           
   119                           	psect	maintext
   120  07E3                     __pmaintext:	
   121 ;;
   122 ;;Main: autosize = 0, tempsize = 1, incstack = 0, save=0
   123 ;;
   124 ;; *************** function _main *****************
   125 ;; Defined at:
   126 ;;		line 7 in file "usart1.c"
   127 ;; Parameters:    Size  Location     Type
   128 ;;		None
   129 ;; Auto vars:     Size  Location     Type
   130 ;;  indice          1    1[COMMON] unsigned char 
   131 ;; Return value:  Size  Location     Type
   132 ;;		None               void
   133 ;; Registers used:
   134 ;;		wreg, status,2, status,0
   135 ;; Tracked objects:
   136 ;;		On entry : B00/0
   137 ;;		On exit  : 0/0
   138 ;;		Unchanged: 0/0
   139 ;; Data sizes:     COMMON   BANK0   BANK1   BANK3   BANK2
   140 ;;      Params:         0       0       0       0       0
   141 ;;      Locals:         1       0       0       0       0
   142 ;;      Temps:          1       0       0       0       0
   143 ;;      Totals:         2       0       0       0       0
   144 ;;Total ram usage:        2 bytes
   145 ;; This function calls:
   146 ;;		Nothing
   147 ;; This function is called by:
   148 ;;		Startup code after reset
   149 ;; This function uses a non-reentrant model
   150 ;;
   151                           
   152                           
   153                           ;psect for function _main
   154  07E3                     _main:	
   155                           
   156                           ;usart1.c: 9: unsigned char indice;
   157                           ;usart1.c: 15: SPBRG = 6;
   158                           
   159                           ;incstack = 0
   160                           ; Regs used in _main: [wreg+status,2+status,0]
   161  07E3  3006               	movlw	6
   162  07E4  1683               	bsf	3,5	;RP0=1, select bank1
   163  07E5  1303               	bcf	3,6	;RP1=0, select bank1
   164  07E6  0099               	movwf	25	;volatile
   165                           
   166                           ;usart1.c: 18: RCSTAbits.SPEN = 1;
   167  07E7  1283               	bcf	3,5	;RP0=0, select bank0
   168  07E8  1303               	bcf	3,6	;RP1=0, select bank0
   169  07E9  1798               	bsf	24,7	;volatile
   170                           
   171                           ;usart1.c: 19: RCSTAbits.CREN = 1;
   172  07EA  1618               	bsf	24,4	;volatile
   173                           
   174                           ;usart1.c: 20: TXSTAbits.TXEN = 1;
   175  07EB  1683               	bsf	3,5	;RP0=1, select bank1
   176  07EC  1303               	bcf	3,6	;RP1=0, select bank1
   177  07ED  1698               	bsf	24,5	;volatile
   178                           
   179                           ;usart1.c: 21: TXSTAbits.BRGH = 1;
   180  07EE  1518               	bsf	24,2	;volatile
   181  07EF                     l492:	
   182                           ;usart1.c: 22: while (1) {
   183                           
   184                           
   185                           ;usart1.c: 23: if (PIR1bits.RCIF == 1) {
   186  07EF  1283               	bcf	3,5	;RP0=0, select bank0
   187  07F0  1E8C               	btfss	12,5	;volatile
   188  07F1  2FEF               	goto	l492
   189                           
   190                           ;usart1.c: 24: indice = RCREG + 1;
   191  07F2  081A               	movf	26,w	;volatile
   192  07F3  3E01               	addlw	1
   193  07F4  00F0               	movwf	??_main
   194  07F5  0870               	movf	??_main,w
   195  07F6  00F1               	movwf	main@indice
   196  07F7                     l17:	
   197                           ;usart1.c: 25: while (PIR1bits.TXIF != 1);
   198                           
   199  07F7  1E0C               	btfss	12,4	;volatile
   200  07F8  2FF7               	goto	l17
   201                           
   202                           ;usart1.c: 26: TXREG = indice;
   203  07F9  0871               	movf	main@indice,w
   204  07FA  0099               	movwf	25	;volatile
   205  07FB  2FEF               	goto	l492
   206  07FC                     __end_of_main:	
   207  007E                     btemp	set	126	;btemp
   208  007E                     wtemp	set	126
   209  007E                     wtemp0	set	126
   210  0080                     wtemp1	set	128
   211  0082                     wtemp2	set	130
   212  0084                     wtemp3	set	132
   213  0086                     wtemp4	set	134
   214  0088                     wtemp5	set	136
   215  007F                     wtemp6	set	127
   216  007E                     ttemp	set	126
   217  007E                     ttemp0	set	126
   218  0081                     ttemp1	set	129
   219  0084                     ttemp2	set	132
   220  0087                     ttemp3	set	135
   221  007F                     ttemp4	set	127
   222  007E                     ltemp	set	126
   223  007E                     ltemp0	set	126
   224  0082                     ltemp1	set	130
   225  0086                     ltemp2	set	134
   226  0080                     ltemp3	set	128


Data Sizes:
    Strings     0
    Constant    0
    Data        0
    BSS         0
    Persistent  0
    Stack       0

Auto Spaces:
    Space          Size  Autos    Used
    COMMON           14      2       2
    BANK0            80      0       0
    BANK1            80      0       0
    BANK3            96      0       0
    BANK2            96      0       0

Pointer List with Targets:

    None.

Critical Paths under _main in COMMON

    None.

Critical Paths under _main in BANK0

    None.

Critical Paths under _main in BANK1

    None.

Critical Paths under _main in BANK3

    None.

Critical Paths under _main in BANK2

    None.

Call Graph Tables:

 ---------------------------------------------------------------------------------
 (Depth) Function   	        Calls       Base Space   Used Autos Params    Refs
 ---------------------------------------------------------------------------------
 (0) _main                                                 2     2      0      15
                                              0 COMMON     2     2      0
 ---------------------------------------------------------------------------------
 Estimated maximum stack depth 0
 ---------------------------------------------------------------------------------

 Call Graph Graphs:

 _main (ROOT)

 Address spaces:
Name               Size   Autos  Total    Cost      Usage
BITCOMMON            E      0       0       0        0.0%
EEDATA             100      0       0       0        0.0%
NULL                 0      0       0       0        0.0%
CODE                 0      0       0       0        0.0%
COMMON               E      2       2       1       14.3%
BITSFR0              0      0       0       1        0.0%
SFR0                 0      0       0       1        0.0%
BITSFR1              0      0       0       2        0.0%
SFR1                 0      0       0       2        0.0%
STACK                0      0       0       2        0.0%
ABS                  0      0       0       3        0.0%
BITBANK0            50      0       0       4        0.0%
BITSFR3              0      0       0       4        0.0%
SFR3                 0      0       0       4        0.0%
BANK0               50      0       0       5        0.0%
BITSFR2              0      0       0       5        0.0%
SFR2                 0      0       0       5        0.0%
BITBANK1            50      0       0       6        0.0%
BANK1               50      0       0       7        0.0%
BITBANK3            60      0       0       8        0.0%
BANK3               60      0       0       9        0.0%
BITBANK2            60      0       0      10        0.0%
BANK2               60      0       0      11        0.0%
DATA                 0      0       0      12        0.0%


Microchip Technology PIC Macro Assembler V1.35 build -356382666 
Symbol Table                                                                                   Thu Nov 29 23:51:15 2018

                     l17 07F7                      l492 07EF                     _main 07E3  
                   btemp 007E                     ltemp 007E                     start 0000  
                   ttemp 007E                     wtemp 007E                    ?_main 0070  
          __CFG_WDTE$OFF 0000                    _RCREG 001A                    _SPBRG 0099  
                  _TXREG 0019                    ltemp0 007E                    ltemp1 0082  
                  ltemp2 0086                    ltemp3 0080                    ttemp0 007E  
                  ttemp1 0081                    ttemp2 0084                    ttemp3 0087  
                  ttemp4 007F                    status 0003                    wtemp0 007E  
                  wtemp1 0080                    wtemp2 0082                    wtemp3 0084  
                  wtemp4 0086                    wtemp5 0088                    wtemp6 007F  
        __initialization 07FC             __end_of_main 07FC                   ??_main 0070  
__end_of__initialization 07FC           __pcstackCOMMON 0070               __pmaintext 07E3  
   end_of_initialization 07FC                _RCSTAbits 0018               main@indice 0071  
              _TXSTAbits 0098      start_initialization 07FC                ___latbits 0002  
 __CFG_FOSC$INTRC_CLKOUT 0000                 _PIR1bits 000C            __size_of_main 0019  
