

Microchip Technology PIC LITE Macro Assembler V1.35 build -356382666 
                                                                                               Sun Jun 30 23:02:24 2019

Microchip Technology Omniscient Code Generator v1.35 (Free mode) build 201507080246
     1                           	processor	16F887
     2                           	opt	pw 120
     3                           	opt	lm
     4                           	psect	cinit,global,class=CODE,merge=1,delta=2
     5                           	psect	cstackCOMMON,global,class=COMMON,space=1,delta=1
     6                           	psect	maintext,global,class=CODE,split=1,delta=2
     7                           	dabs	1,0x7E,2
     8  0000                     	;# 
     9  0001                     	;# 
    10  0002                     	;# 
    11  0003                     	;# 
    12  0004                     	;# 
    13  0005                     	;# 
    14  0006                     	;# 
    15  0007                     	;# 
    16  0008                     	;# 
    17  0009                     	;# 
    18  000A                     	;# 
    19  000B                     	;# 
    20  000C                     	;# 
    21  000D                     	;# 
    22  000E                     	;# 
    23  000E                     	;# 
    24  000F                     	;# 
    25  0010                     	;# 
    26  0011                     	;# 
    27  0012                     	;# 
    28  0013                     	;# 
    29  0014                     	;# 
    30  0015                     	;# 
    31  0015                     	;# 
    32  0016                     	;# 
    33  0017                     	;# 
    34  0018                     	;# 
    35  0019                     	;# 
    36  001A                     	;# 
    37  001B                     	;# 
    38  001B                     	;# 
    39  001C                     	;# 
    40  001D                     	;# 
    41  001E                     	;# 
    42  001F                     	;# 
    43  0081                     	;# 
    44  0085                     	;# 
    45  0086                     	;# 
    46  0087                     	;# 
    47  0088                     	;# 
    48  0089                     	;# 
    49  008C                     	;# 
    50  008D                     	;# 
    51  008E                     	;# 
    52  008F                     	;# 
    53  0090                     	;# 
    54  0091                     	;# 
    55  0092                     	;# 
    56  0093                     	;# 
    57  0093                     	;# 
    58  0093                     	;# 
    59  0094                     	;# 
    60  0095                     	;# 
    61  0096                     	;# 
    62  0097                     	;# 
    63  0098                     	;# 
    64  0099                     	;# 
    65  009A                     	;# 
    66  009B                     	;# 
    67  009C                     	;# 
    68  009D                     	;# 
    69  009E                     	;# 
    70  009F                     	;# 
    71  0105                     	;# 
    72  0107                     	;# 
    73  0108                     	;# 
    74  0109                     	;# 
    75  010C                     	;# 
    76  010C                     	;# 
    77  010D                     	;# 
    78  010E                     	;# 
    79  010F                     	;# 
    80  0185                     	;# 
    81  0187                     	;# 
    82  0188                     	;# 
    83  0189                     	;# 
    84  018C                     	;# 
    85  018D                     	;# 
    86  0008                     _PORTDbits	set	8
    87  0088                     _TRISD	set	136
    88  0188                     _ANSEL	set	392
    89                           
    90                           ; #config settings
    91  0000                     
    92                           	psect	cinit
    93  07FC                     start_initialization:	
    94  07FC                     __initialization:	
    95  07FC                     end_of_initialization:	
    96                           ;End of C runtime variable initialization code
    97                           
    98  07FC                     __end_of__initialization:	
    99  07FC  0183               	clrf	3
   100  07FD  120A  118A  2FED   	ljmp	_main	;jump to C main() function
   101                           
   102                           	psect	cstackCOMMON
   103  0000                     __pcstackCOMMON:	
   104  0000                     ??_main:	
   105  0000                     ?_main:	
   106                           ; 0 bytes @ 0x0
   107                           
   108                           
   109                           	psect	maintext
   110  07ED                     __pmaintext:	
   111                           ; 2 bytes @ 0x0
   112 ;;
   113 ;;Main: autosize = 0, tempsize = 0, incstack = 0, save=0
   114 ;;
   115 ;; *************** function _main *****************
   116 ;; Defined at:
   117 ;;		line 10 in file "mosfet.c"
   118 ;; Parameters:    Size  Location     Type
   119 ;;		None
   120 ;; Auto vars:     Size  Location     Type
   121 ;;		None
   122 ;; Return value:  Size  Location     Type
   123 ;;                  2    8[None  ] int 
   124 ;; Registers used:
   125 ;;		wreg, status,2
   126 ;; Tracked objects:
   127 ;;		On entry : B00/0
   128 ;;		On exit  : 0/0
   129 ;;		Unchanged: 0/0
   130 ;; Data sizes:     COMMON   BANK0   BANK1   BANK3   BANK2
   131 ;;      Params:         0       0       0       0       0
   132 ;;      Locals:         0       0       0       0       0
   133 ;;      Temps:          0       0       0       0       0
   134 ;;      Totals:         0       0       0       0       0
   135 ;;Total ram usage:        0 bytes
   136 ;; This function calls:
   137 ;;		Nothing
   138 ;; This function is called by:
   139 ;;		Startup code after reset
   140 ;; This function uses a non-reentrant model
   141 ;;
   142                           
   143                           
   144                           ;psect for function _main
   145  07ED                     _main:	
   146                           
   147                           ;mosfet.c: 11: TRISD = 0xFD;
   148                           
   149                           ;incstack = 0
   150                           ; Regs used in _main: [wreg+status,2]
   151  07ED  30FD               	movlw	253
   152  07EE  1683               	bsf	3,5	;RP0=1, select bank1
   153  07EF  1303               	bcf	3,6	;RP1=0, select bank1
   154  07F0  0088               	movwf	8	;volatile
   155                           
   156                           ;mosfet.c: 12: ANSEL = 0;
   157  07F1  1683               	bsf	3,5	;RP0=1, select bank3
   158  07F2  1703               	bsf	3,6	;RP1=1, select bank3
   159  07F3  0188               	clrf	8	;volatile
   160  07F4  2FF6               	goto	l478
   161  07F5                     l480:	
   162                           
   163                           ;mosfet.c: 15: PORTDbits.RD1 = 1;
   164  07F5  1488               	bsf	8,1	;volatile
   165  07F6                     l478:	
   166                           ;mosfet.c: 13: while (1) {
   167                           
   168                           ;mosfet.c: 16: } else {
   169                           
   170                           
   171                           ;mosfet.c: 14: if (PORTDbits.RD0 == 1) {
   172  07F6  1283               	bcf	3,5	;RP0=0, select bank0
   173  07F7  1303               	bcf	3,6	;RP1=0, select bank0
   174  07F8  1808               	btfsc	8,0	;volatile
   175  07F9  2FF5               	goto	l480
   176                           
   177                           ;mosfet.c: 17: PORTDbits.RD1 = 0;
   178  07FA  1088               	bcf	8,1	;volatile
   179  07FB  2FF6               	goto	l478
   180  07FC                     __end_of_main:	
   181  007E                     btemp	set	126	;btemp
   182  007E                     wtemp	set	126
   183  007E                     wtemp0	set	126
   184  0080                     wtemp1	set	128
   185  0082                     wtemp2	set	130
   186  0084                     wtemp3	set	132
   187  0086                     wtemp4	set	134
   188  0088                     wtemp5	set	136
   189  007F                     wtemp6	set	127
   190  007E                     ttemp	set	126
   191  007E                     ttemp0	set	126
   192  0081                     ttemp1	set	129
   193  0084                     ttemp2	set	132
   194  0087                     ttemp3	set	135
   195  007F                     ttemp4	set	127
   196  007E                     ltemp	set	126
   197  007E                     ltemp0	set	126
   198  0082                     ltemp1	set	130
   199  0086                     ltemp2	set	134
   200  0080                     ltemp3	set	128


Data Sizes:
    Strings     0
    Constant    0
    Data        0
    BSS         0
    Persistent  0
    Stack       0

Auto Spaces:
    Space          Size  Autos    Used
    COMMON           14      0       0
    BANK0            80      0       0
    BANK1            80      0       0
    BANK3            96      0       0
    BANK2            96      0       0

Pointer List with Targets:

    None.

Critical Paths under _main in COMMON

    None.

Critical Paths under _main in BANK0

    None.

Critical Paths under _main in BANK1

    None.

Critical Paths under _main in BANK3

    None.

Critical Paths under _main in BANK2

    None.

Call Graph Tables:

 ---------------------------------------------------------------------------------
 (Depth) Function   	        Calls       Base Space   Used Autos Params    Refs
 ---------------------------------------------------------------------------------
 (0) _main                                                 0     0      0       0
 ---------------------------------------------------------------------------------
 Estimated maximum stack depth 0
 ---------------------------------------------------------------------------------

 Call Graph Graphs:

 _main (ROOT)

 Address spaces:
Name               Size   Autos  Total    Cost      Usage
BITCOMMON            E      0       0       0        0.0%
EEDATA             100      0       0       0        0.0%
NULL                 0      0       0       0        0.0%
CODE                 0      0       0       0        0.0%
COMMON               E      0       0       1        0.0%
BITSFR0              0      0       0       1        0.0%
SFR0                 0      0       0       1        0.0%
BITSFR1              0      0       0       2        0.0%
SFR1                 0      0       0       2        0.0%
STACK                0      0       0       2        0.0%
ABS                  0      0       0       3        0.0%
BITBANK0            50      0       0       4        0.0%
BITSFR3              0      0       0       4        0.0%
SFR3                 0      0       0       4        0.0%
BANK0               50      0       0       5        0.0%
BITSFR2              0      0       0       5        0.0%
SFR2                 0      0       0       5        0.0%
BITBANK1            50      0       0       6        0.0%
BANK1               50      0       0       7        0.0%
BITBANK3            60      0       0       8        0.0%
BANK3               60      0       0       9        0.0%
BITBANK2            60      0       0      10        0.0%
BANK2               60      0       0      11        0.0%
DATA                 0      0       0      12        0.0%


Microchip Technology PIC Macro Assembler V1.35 build -356382666 
Symbol Table                                                                                   Sun Jun 30 23:02:24 2019

                    l480 07F5                      l478 07F6                     _main 07ED  
                   btemp 007E                     ltemp 007E                     start 0000  
                   ttemp 007E                     wtemp 007E            __CFG_IESO$OFF 0000  
                  ?_main 0000            __CFG_WDTE$OFF 0000                    _ANSEL 0188  
                  _TRISD 0088            __CFG_PWRTE$ON 0000           __CFG_FCMEN$OFF 0000  
                  ltemp0 007E                    ltemp1 0082                    ltemp2 0086  
                  ltemp3 0080                    ttemp0 007E                    ttemp1 0081  
                  ttemp2 0084                    ttemp3 0087                    ttemp4 007F  
                  status 0003                    wtemp0 007E                    wtemp1 0080  
                  wtemp2 0082                    wtemp3 0084                    wtemp4 0086  
                  wtemp5 0088                    wtemp6 007F          __initialization 07FC  
           __end_of_main 07FC                   ??_main 0000  __end_of__initialization 07FC  
         __pcstackCOMMON 0000               __pmaintext 07ED     end_of_initialization 07FC  
              _PORTDbits 0008      start_initialization 07FC                ___latbits 0002  
 __CFG_FOSC$INTRC_CLKOUT 0000            __size_of_main 000F  
