

Microchip Technology PIC LITE Macro Assembler V1.35 build -356382666 
                                                                                               Mon Oct  8 22:18:44 2018

Microchip Technology Omniscient Code Generator v1.35 (Free mode) build 201507080246
     1                           	processor	16F887
     2                           	opt	pw 120
     3                           	opt	lm
     4                           	psect	cinit,global,class=CODE,merge=1,delta=2
     5                           	psect	cstackCOMMON,global,class=COMMON,space=1,delta=1
     6                           	psect	maintext,global,class=CODE,split=1,delta=2
     7                           	psect	text1,local,class=CODE,merge=1,delta=2
     8                           	psect	intentry,global,class=CODE,delta=2
     9                           	dabs	1,0x7E,2
    10  0000                     	;# 
    11  0001                     	;# 
    12  0002                     	;# 
    13  0003                     	;# 
    14  0004                     	;# 
    15  0005                     	;# 
    16  0006                     	;# 
    17  0007                     	;# 
    18  0008                     	;# 
    19  0009                     	;# 
    20  000A                     	;# 
    21  000B                     	;# 
    22  000C                     	;# 
    23  000D                     	;# 
    24  000E                     	;# 
    25  000E                     	;# 
    26  000F                     	;# 
    27  0010                     	;# 
    28  0011                     	;# 
    29  0012                     	;# 
    30  0013                     	;# 
    31  0014                     	;# 
    32  0015                     	;# 
    33  0015                     	;# 
    34  0016                     	;# 
    35  0017                     	;# 
    36  0018                     	;# 
    37  0019                     	;# 
    38  001A                     	;# 
    39  001B                     	;# 
    40  001B                     	;# 
    41  001C                     	;# 
    42  001D                     	;# 
    43  001E                     	;# 
    44  001F                     	;# 
    45  0081                     	;# 
    46  0085                     	;# 
    47  0086                     	;# 
    48  0087                     	;# 
    49  0088                     	;# 
    50  0089                     	;# 
    51  008C                     	;# 
    52  008D                     	;# 
    53  008E                     	;# 
    54  008F                     	;# 
    55  0090                     	;# 
    56  0091                     	;# 
    57  0092                     	;# 
    58  0093                     	;# 
    59  0093                     	;# 
    60  0093                     	;# 
    61  0094                     	;# 
    62  0095                     	;# 
    63  0096                     	;# 
    64  0097                     	;# 
    65  0098                     	;# 
    66  0099                     	;# 
    67  009A                     	;# 
    68  009B                     	;# 
    69  009C                     	;# 
    70  009D                     	;# 
    71  009E                     	;# 
    72  009F                     	;# 
    73  0105                     	;# 
    74  0107                     	;# 
    75  0108                     	;# 
    76  0109                     	;# 
    77  010C                     	;# 
    78  010C                     	;# 
    79  010D                     	;# 
    80  010E                     	;# 
    81  010F                     	;# 
    82  0185                     	;# 
    83  0187                     	;# 
    84  0188                     	;# 
    85  0189                     	;# 
    86  018C                     	;# 
    87  018D                     	;# 
    88  000B                     _INTCONbits	set	11
    89  0189                     _ANSELHbits	set	393
    90                           
    91                           ; #config settings
    92  0000                     
    93                           	psect	cinit
    94  0015                     start_initialization:	
    95  0015                     __initialization:	
    96  0015                     end_of_initialization:	
    97                           ;End of C runtime variable initialization code
    98                           
    99  0015                     __end_of__initialization:	
   100  0015  0183               	clrf	3
   101  0016  120A  118A  2829   	ljmp	_main	;jump to C main() function
   102                           
   103                           	psect	cstackCOMMON
   104  0070                     __pcstackCOMMON:	
   105  0070                     ?_rai:	
   106  0070                     ??_rai:	
   107                           ; 0 bytes @ 0x0
   108                           
   109  0070                     ?_main:	
   110                           ; 0 bytes @ 0x0
   111                           
   112                           
   113                           ; 0 bytes @ 0x0
   114  0070                     	ds	4
   115  0074                     ??_main:	
   116                           
   117                           ; 0 bytes @ 0x4
   118  0074                     	ds	1
   119                           
   120                           	psect	maintext
   121  0029                     __pmaintext:	
   122 ;;
   123 ;;Main: autosize = 0, tempsize = 1, incstack = 0, save=0
   124 ;;
   125 ;; *************** function _main *****************
   126 ;; Defined at:
   127 ;;		line 12 in file "interruption1.c"
   128 ;; Parameters:    Size  Location     Type
   129 ;;		None
   130 ;; Auto vars:     Size  Location     Type
   131 ;;		None
   132 ;; Return value:  Size  Location     Type
   133 ;;		None               void
   134 ;; Registers used:
   135 ;;		wreg
   136 ;; Tracked objects:
   137 ;;		On entry : B00/0
   138 ;;		On exit  : 0/0
   139 ;;		Unchanged: 0/0
   140 ;; Data sizes:     COMMON   BANK0   BANK1   BANK3   BANK2
   141 ;;      Params:         0       0       0       0       0
   142 ;;      Locals:         0       0       0       0       0
   143 ;;      Temps:          1       0       0       0       0
   144 ;;      Totals:         1       0       0       0       0
   145 ;;Total ram usage:        1 bytes
   146 ;; Hardware stack levels required when called:    1
   147 ;; This function calls:
   148 ;;		Nothing
   149 ;; This function is called by:
   150 ;;		Startup code after reset
   151 ;; This function uses a non-reentrant model
   152 ;;
   153                           
   154                           
   155                           ;psect for function _main
   156  0029                     _main:	
   157                           
   158                           ;interruption1.c: 13: ANSELHbits.ANS12 = 0;
   159                           
   160                           ;incstack = 0
   161                           ; Regs used in _main: [wreg]
   162  0029  1683               	bsf	3,5	;RP0=1, select bank3
   163  002A  1703               	bsf	3,6	;RP1=1, select bank3
   164  002B  1209               	bcf	9,4	;volatile
   165                           
   166                           ;interruption1.c: 14: INTCONbits.GIE = 1;
   167  002C  178B               	bsf	11,7	;volatile
   168                           
   169                           ;interruption1.c: 15: INTCONbits.INTE = 1;
   170  002D  160B               	bsf	11,4	;volatile
   171                           
   172                           ;interruption1.c: 16: _delay((unsigned long)((1)*(4000000/4000.0)));
   173  002E  30F9               	movlw	249
   174  002F  00F4               	movwf	??_main
   175  0030                     u17:	
   176  0030  0000               	nop
   177  0031  0BF4               	decfsz	??_main,f
   178  0032  2830               	goto	u17
   179  0033  2834               	nop2	;nop
   180  0034  0000               	nop
   181  0035                     l14:	
   182                           ;interruption1.c: 17: while (1) {
   183                           
   184  0035  3014               	movlw	20	;# 
   185                           
   186                           ;interruption1.c: 19: __nop();
   187  0036  0000               	nop
   188  0037  2835               	goto	l14
   189  0038                     __end_of_main:	
   190                           
   191                           	psect	text1
   192  0019                     __ptext1:	
   193 ;; *************** function _rai *****************
   194 ;; Defined at:
   195 ;;		line 6 in file "interruption1.c"
   196 ;; Parameters:    Size  Location     Type
   197 ;;		None
   198 ;; Auto vars:     Size  Location     Type
   199 ;;		None
   200 ;; Return value:  Size  Location     Type
   201 ;;		None               void
   202 ;; Registers used:
   203 ;;		None
   204 ;; Tracked objects:
   205 ;;		On entry : 0/0
   206 ;;		On exit  : 0/0
   207 ;;		Unchanged: 0/0
   208 ;; Data sizes:     COMMON   BANK0   BANK1   BANK3   BANK2
   209 ;;      Params:         0       0       0       0       0
   210 ;;      Locals:         0       0       0       0       0
   211 ;;      Temps:          4       0       0       0       0
   212 ;;      Totals:         4       0       0       0       0
   213 ;;Total ram usage:        4 bytes
   214 ;; Hardware stack levels used:    1
   215 ;; This function calls:
   216 ;;		Nothing
   217 ;; This function is called by:
   218 ;;		Interrupt level 1
   219 ;; This function uses a non-reentrant model
   220 ;;
   221                           
   222                           
   223                           ;psect for function _rai
   224  0019                     _rai:	
   225                           
   226                           ;interruption1.c: 7: INTCONbits.INTF = 0;
   227  0019  108B               	bcf	11,1	;volatile
   228  001A  3019               	movlw	25	;# 
   229                           
   230                           ;interruption1.c: 9: __nop();
   231  001B  0000               	nop
   232  001C  0873               	movf	??_rai+3,w
   233  001D  1283               	bcf	3,5	;RP0=0, select bank0
   234  001E  1303               	bcf	3,6	;RP1=0, select bank0
   235  001F  00FF               	movwf	127
   236  0020  0872               	movf	??_rai+2,w
   237  0021  008A               	movwf	10
   238  0022  0871               	movf	??_rai+1,w
   239  0023  0084               	movwf	4
   240  0024  0E70               	swapf	??_rai^(0+-128),w
   241  0025  0083               	movwf	3
   242  0026  0EFE               	swapf	126,f
   243  0027  0E7E               	swapf	126,w
   244  0028  0009               	retfie
   245  0029                     __end_of_rai:	
   246  007E                     btemp	set	126	;btemp
   247  007E                     wtemp	set	126
   248  007E                     wtemp0	set	126
   249  0080                     wtemp1	set	128
   250  0082                     wtemp2	set	130
   251  0084                     wtemp3	set	132
   252  0086                     wtemp4	set	134
   253  0088                     wtemp5	set	136
   254  007F                     wtemp6	set	127
   255  007E                     ttemp	set	126
   256  007E                     ttemp0	set	126
   257  0081                     ttemp1	set	129
   258  0084                     ttemp2	set	132
   259  0087                     ttemp3	set	135
   260  007F                     ttemp4	set	127
   261  007E                     ltemp	set	126
   262  007E                     ltemp0	set	126
   263  0082                     ltemp1	set	130
   264  0086                     ltemp2	set	134
   265  0080                     ltemp3	set	128
   266                           
   267                           	psect	intentry
   268  0004                     __pintentry:	
   269                           ;incstack = 0
   270                           ; Regs used in _rai: []
   271                           
   272  0004                     interrupt_function:	
   273  007E                     saved_w	set	btemp
   274  0004  00FE               	movwf	btemp
   275  0005  0E03               	swapf	3,w
   276  0006  00F0               	movwf	??_rai
   277  0007  0804               	movf	4,w
   278  0008  00F1               	movwf	??_rai+1
   279  0009  080A               	movf	10,w
   280  000A  00F2               	movwf	??_rai+2
   281  000B  1283               	bcf	3,5	;RP0=0, select bank0
   282  000C  1303               	bcf	3,6	;RP1=0, select bank0
   283  000D  087F               	movf	btemp+1,w
   284  000E  00F3               	movwf	??_rai+3
   285  000F  120A  118A  2819   	ljmp	_rai


Data Sizes:
    Strings     0
    Constant    0
    Data        0
    BSS         0
    Persistent  0
    Stack       0

Auto Spaces:
    Space          Size  Autos    Used
    COMMON           14      5       5
    BANK0            80      0       0
    BANK1            80      0       0
    BANK3            96      0       0
    BANK2            96      0       0

Pointer List with Targets:

    None.

Critical Paths under _main in COMMON

    None.

Critical Paths under _rai in COMMON

    None.

Critical Paths under _main in BANK0

    None.

Critical Paths under _rai in BANK0

    None.

Critical Paths under _main in BANK1

    None.

Critical Paths under _rai in BANK1

    None.

Critical Paths under _main in BANK3

    None.

Critical Paths under _rai in BANK3

    None.

Critical Paths under _main in BANK2

    None.

Critical Paths under _rai in BANK2

    None.

Call Graph Tables:

 ---------------------------------------------------------------------------------
 (Depth) Function   	        Calls       Base Space   Used Autos Params    Refs
 ---------------------------------------------------------------------------------
 (0) _main                                                 1     1      0       0
                                              4 COMMON     1     1      0
 ---------------------------------------------------------------------------------
 Estimated maximum stack depth 0
 ---------------------------------------------------------------------------------
 (Depth) Function   	        Calls       Base Space   Used Autos Params    Refs
 ---------------------------------------------------------------------------------
 (1) _rai                                                  4     4      0       0
                                              0 COMMON     4     4      0
 ---------------------------------------------------------------------------------
 Estimated maximum stack depth 1
 ---------------------------------------------------------------------------------

 Call Graph Graphs:

 _main (ROOT)

 _rai (ROOT)

 Address spaces:
Name               Size   Autos  Total    Cost      Usage
BITCOMMON            E      0       0       0        0.0%
EEDATA             100      0       0       0        0.0%
NULL                 0      0       0       0        0.0%
CODE                 0      0       0       0        0.0%
COMMON               E      5       5       1       35.7%
BITSFR0              0      0       0       1        0.0%
SFR0                 0      0       0       1        0.0%
BITSFR1              0      0       0       2        0.0%
SFR1                 0      0       0       2        0.0%
STACK                0      0       0       2        0.0%
ABS                  0      0       0       3        0.0%
BITBANK0            50      0       0       4        0.0%
BITSFR3              0      0       0       4        0.0%
SFR3                 0      0       0       4        0.0%
BANK0               50      0       0       5        0.0%
BITSFR2              0      0       0       5        0.0%
SFR2                 0      0       0       5        0.0%
BITBANK1            50      0       0       6        0.0%
BANK1               50      0       0       7        0.0%
BITBANK3            60      0       0       8        0.0%
BANK3               60      0       0       9        0.0%
BITBANK2            60      0       0      10        0.0%
BANK2               60      0       0      11        0.0%
DATA                 0      0       0      12        0.0%


Microchip Technology PIC Macro Assembler V1.35 build -356382666 
Symbol Table                                                                                   Mon Oct  8 22:18:44 2018

                     l14 0035                       u17 0030                      _rai 0019  
                    fsr0 0004                     ?_rai 0070                     _main 0029  
                   btemp 007E                     ltemp 007E                     start 0012  
                   ttemp 007E                     wtemp 007E                    ??_rai 0070  
                  ?_main 0070            __CFG_WDTE$OFF 0000                    pclath 000A  
                  ltemp0 007E                    ltemp1 0082                    ltemp2 0086  
                  ltemp3 0080                    ttemp0 007E                    ttemp1 0081  
                  ttemp2 0084                    ttemp3 0087                    ttemp4 007F  
                  status 0003                    wtemp0 007E                    wtemp1 0080  
                  wtemp2 0082                    wtemp3 0084                    wtemp4 0086  
                  wtemp5 0088                    wtemp6 007F          __initialization 0015  
           __end_of_main 0038                   ??_main 0074                   saved_w 007E  
__end_of__initialization 0015           __pcstackCOMMON 0070               __pmaintext 0029  
             __pintentry 0004                  __ptext1 0019             __size_of_rai 0010  
   end_of_initialization 0015      start_initialization 0015              __end_of_rai 0029  
              ___latbits 0002   __CFG_FOSC$INTRC_CLKOUT 0000        interrupt_function 0004  
             _ANSELHbits 0189            __size_of_main 000F               _INTCONbits 000B  
               intlevel1 0000  
